  [1m[35m (0.1ms)[0m  [1m[34mSELECT sqlite_version(*)[0m
  ↳ bin/rails:9
  [1m[35m (2.2ms)[0m  [1m[35mCREATE TABLE "schema_migrations" ("version" varchar NOT NULL PRIMARY KEY)[0m
  ↳ bin/rails:9
  [1m[35m (1.0ms)[0m  [1m[35mCREATE TABLE "ar_internal_metadata" ("key" varchar NOT NULL PRIMARY KEY, "value" varchar, "created_at" datetime NOT NULL, "updated_at" datetime NOT NULL)[0m
  ↳ bin/rails:9
  [1m[35m (0.2ms)[0m  [1m[34mSELECT "schema_migrations"."version" FROM "schema_migrations" ORDER BY "schema_migrations"."version" ASC[0m
  ↳ bin/rails:9
Migrating to CreatePets (20191011143146)
  [1m[35m (0.1ms)[0m  [1m[36mbegin transaction[0m
  ↳ bin/rails:9
  [1m[35m (0.5ms)[0m  [1m[35mCREATE TABLE "pets" ("id" integer PRIMARY KEY AUTOINCREMENT NOT NULL, "name" varchar, "specie" varchar, "created_at" datetime NOT NULL, "updated_at" datetime NOT NULL)[0m
  ↳ db/migrate/20191011143146_create_pets.rb:3
  [1m[36mActiveRecord::SchemaMigration Create (0.4ms)[0m  [1m[32mINSERT INTO "schema_migrations" ("version") VALUES (?)[0m  [["version", "20191011143146"]]
  ↳ bin/rails:9
  [1m[35m (1.3ms)[0m  [1m[36mcommit transaction[0m
  ↳ bin/rails:9
Migrating to AddAgeToPets (20191011143549)
  [1m[35m (0.1ms)[0m  [1m[36mbegin transaction[0m
  ↳ bin/rails:9
  [1m[35m (0.7ms)[0m  [1m[35mALTER TABLE "pets" ADD "age" integer[0m
  ↳ db/migrate/20191011143549_add_age_to_pets.rb:3
  [1m[36mActiveRecord::SchemaMigration Create (0.1ms)[0m  [1m[32mINSERT INTO "schema_migrations" ("version") VALUES (?)[0m  [["version", "20191011143549"]]
  ↳ bin/rails:9
  [1m[35m (0.5ms)[0m  [1m[36mcommit transaction[0m
  ↳ bin/rails:9
  [1m[36mActiveRecord::InternalMetadata Load (0.2ms)[0m  [1m[34mSELECT  "ar_internal_metadata".* FROM "ar_internal_metadata" WHERE "ar_internal_metadata"."key" = ? LIMIT ?[0m  [["key", "environment"], ["LIMIT", 1]]
  ↳ bin/rails:9
  [1m[35m (0.0ms)[0m  [1m[36mbegin transaction[0m
  ↳ bin/rails:9
  [1m[36mActiveRecord::InternalMetadata Create (0.4ms)[0m  [1m[32mINSERT INTO "ar_internal_metadata" ("key", "value", "created_at", "updated_at") VALUES (?, ?, ?, ?)[0m  [["key", "environment"], ["value", "development"], ["created_at", "2019-10-11 14:38:03.461494"], ["updated_at", "2019-10-11 14:38:03.461494"]]
  ↳ bin/rails:9
  [1m[35m (0.5ms)[0m  [1m[36mcommit transaction[0m
  ↳ bin/rails:9
  [1m[35m (0.1ms)[0m  [1m[34mSELECT "schema_migrations"."version" FROM "schema_migrations" ORDER BY "schema_migrations"."version" ASC[0m
  ↳ bin/rails:9
  [1m[35m (0.1ms)[0m  [1m[34mSELECT "schema_migrations"."version" FROM "schema_migrations" ORDER BY "schema_migrations"."version" ASC[0m
  ↳ bin/rails:9
  [1m[36mPet Load (0.1ms)[0m  [1m[34mSELECT  "pets".* FROM "pets" WHERE "pets"."name" = ? AND "pets"."specie" = ? AND "pets"."age" = ? LIMIT ?[0m  [["name", "Tom"], ["specie", "cat"], ["age", 25], ["LIMIT", 1]]
  ↳ db/seeds.rb:2
  [1m[35m (0.1ms)[0m  [1m[36mbegin transaction[0m
  ↳ db/seeds.rb:2
  [1m[36mPet Create (0.7ms)[0m  [1m[32mINSERT INTO "pets" ("name", "specie", "created_at", "updated_at", "age") VALUES (?, ?, ?, ?, ?)[0m  [["name", "Tom"], ["specie", "cat"], ["created_at", "2019-10-11 14:40:02.277964"], ["updated_at", "2019-10-11 14:40:02.277964"], ["age", 25]]
  ↳ db/seeds.rb:2
  [1m[35m (1.0ms)[0m  [1m[36mcommit transaction[0m
  ↳ db/seeds.rb:2
  [1m[36mPet Load (0.1ms)[0m  [1m[34mSELECT  "pets".* FROM "pets" WHERE "pets"."name" = ? AND "pets"."specie" = ? AND "pets"."age" = ? LIMIT ?[0m  [["name", "Brian"], ["specie", "dog"], ["age", 10], ["LIMIT", 1]]
  ↳ db/seeds.rb:3
  [1m[35m (0.0ms)[0m  [1m[36mbegin transaction[0m
  ↳ db/seeds.rb:3
  [1m[36mPet Create (0.4ms)[0m  [1m[32mINSERT INTO "pets" ("name", "specie", "created_at", "updated_at", "age") VALUES (?, ?, ?, ?, ?)[0m  [["name", "Brian"], ["specie", "dog"], ["created_at", "2019-10-11 14:40:02.287027"], ["updated_at", "2019-10-11 14:40:02.287027"], ["age", 10]]
  ↳ db/seeds.rb:3
  [1m[35m (0.7ms)[0m  [1m[36mcommit transaction[0m
  ↳ db/seeds.rb:3
  [1m[36mPet Load (0.4ms)[0m  [1m[34mSELECT  "pets".* FROM "pets" LIMIT ?[0m  [["LIMIT", 11]]
Started GET "/" for ::1 at 2019-10-11 10:51:56 -0400
  [1m[35m (0.2ms)[0m  [1m[34mSELECT "schema_migrations"."version" FROM "schema_migrations" ORDER BY "schema_migrations"."version" ASC[0m
  ↳ /Users/jarias2/.rvm/gems/ruby-2.6.1/gems/activerecord-5.2.3/lib/active_record/log_subscriber.rb:98
Processing by Rails::WelcomeController#index as HTML
  Rendering /Users/jarias2/.rvm/gems/ruby-2.6.1/gems/railties-5.2.3/lib/rails/templates/rails/welcome/index.html.erb
  Rendered /Users/jarias2/.rvm/gems/ruby-2.6.1/gems/railties-5.2.3/lib/rails/templates/rails/welcome/index.html.erb (3.5ms)
Completed 200 OK in 19ms (Views: 10.1ms | ActiveRecord: 0.0ms)


Started GET "/pets" for ::1 at 2019-10-11 10:52:09 -0400
Processing by PetsController#index as HTML
Completed 406 Not Acceptable in 26ms (ActiveRecord: 0.0ms)


  
ActionController::UnknownFormat (PetsController#index is missing a template for this request format and variant.

request.formats: ["text/html"]
request.variant: []

NOTE! For XHR/Ajax or API requests, this action would normally respond with 204 No Content: an empty white screen. Since you're loading it in a web browser, we assume that you expected to actually render a template, not nothing, so we're showing an error to be extra-clear. If you expect 204 No Content, carry on. That's what you'll get from an XHR or API request. Give it a shot.):
  
actionpack (5.2.3) lib/action_controller/metal/implicit_render.rb:55:in `default_render'
actionpack (5.2.3) lib/action_controller/metal/basic_implicit_render.rb:6:in `block in send_action'
actionpack (5.2.3) lib/action_controller/metal/basic_implicit_render.rb:6:in `tap'
actionpack (5.2.3) lib/action_controller/metal/basic_implicit_render.rb:6:in `send_action'
actionpack (5.2.3) lib/abstract_controller/base.rb:194:in `process_action'
actionpack (5.2.3) lib/action_controller/metal/rendering.rb:30:in `process_action'
actionpack (5.2.3) lib/abstract_controller/callbacks.rb:42:in `block in process_action'
activesupport (5.2.3) lib/active_support/callbacks.rb:132:in `run_callbacks'
actionpack (5.2.3) lib/abstract_controller/callbacks.rb:41:in `process_action'
actionpack (5.2.3) lib/action_controller/metal/rescue.rb:22:in `process_action'
actionpack (5.2.3) lib/action_controller/metal/instrumentation.rb:34:in `block in process_action'
activesupport (5.2.3) lib/active_support/notifications.rb:168:in `block in instrument'
activesupport (5.2.3) lib/active_support/notifications/instrumenter.rb:23:in `instrument'
activesupport (5.2.3) lib/active_support/notifications.rb:168:in `instrument'
actionpack (5.2.3) lib/action_controller/metal/instrumentation.rb:32:in `process_action'
actionpack (5.2.3) lib/action_controller/metal/params_wrapper.rb:256:in `process_action'
activerecord (5.2.3) lib/active_record/railties/controller_runtime.rb:24:in `process_action'
actionpack (5.2.3) lib/abstract_controller/base.rb:134:in `process'
actionview (5.2.3) lib/action_view/rendering.rb:32:in `process'
actionpack (5.2.3) lib/action_controller/metal.rb:191:in `dispatch'
actionpack (5.2.3) lib/action_controller/metal.rb:252:in `dispatch'
actionpack (5.2.3) lib/action_dispatch/routing/route_set.rb:52:in `dispatch'
actionpack (5.2.3) lib/action_dispatch/routing/route_set.rb:34:in `serve'
actionpack (5.2.3) lib/action_dispatch/journey/router.rb:52:in `block in serve'
actionpack (5.2.3) lib/action_dispatch/journey/router.rb:35:in `each'
actionpack (5.2.3) lib/action_dispatch/journey/router.rb:35:in `serve'
actionpack (5.2.3) lib/action_dispatch/routing/route_set.rb:840:in `call'
rack (2.0.7) lib/rack/tempfile_reaper.rb:15:in `call'
rack (2.0.7) lib/rack/etag.rb:25:in `call'
rack (2.0.7) lib/rack/conditional_get.rb:25:in `call'
rack (2.0.7) lib/rack/head.rb:12:in `call'
actionpack (5.2.3) lib/action_dispatch/http/content_security_policy.rb:18:in `call'
rack (2.0.7) lib/rack/session/abstract/id.rb:232:in `context'
rack (2.0.7) lib/rack/session/abstract/id.rb:226:in `call'
actionpack (5.2.3) lib/action_dispatch/middleware/cookies.rb:670:in `call'
activerecord (5.2.3) lib/active_record/migration.rb:559:in `call'
actionpack (5.2.3) lib/action_dispatch/middleware/callbacks.rb:28:in `block in call'
activesupport (5.2.3) lib/active_support/callbacks.rb:98:in `run_callbacks'
actionpack (5.2.3) lib/action_dispatch/middleware/callbacks.rb:26:in `call'
actionpack (5.2.3) lib/action_dispatch/middleware/executor.rb:14:in `call'
actionpack (5.2.3) lib/action_dispatch/middleware/debug_exceptions.rb:61:in `call'
web-console (3.7.0) lib/web_console/middleware.rb:135:in `call_app'
web-console (3.7.0) lib/web_console/middleware.rb:30:in `block in call'
web-console (3.7.0) lib/web_console/middleware.rb:20:in `catch'
web-console (3.7.0) lib/web_console/middleware.rb:20:in `call'
actionpack (5.2.3) lib/action_dispatch/middleware/show_exceptions.rb:33:in `call'
railties (5.2.3) lib/rails/rack/logger.rb:38:in `call_app'
railties (5.2.3) lib/rails/rack/logger.rb:26:in `block in call'
activesupport (5.2.3) lib/active_support/tagged_logging.rb:71:in `block in tagged'
activesupport (5.2.3) lib/active_support/tagged_logging.rb:28:in `tagged'
activesupport (5.2.3) lib/active_support/tagged_logging.rb:71:in `tagged'
railties (5.2.3) lib/rails/rack/logger.rb:26:in `call'
sprockets-rails (3.2.1) lib/sprockets/rails/quiet_assets.rb:13:in `call'
actionpack (5.2.3) lib/action_dispatch/middleware/remote_ip.rb:81:in `call'
actionpack (5.2.3) lib/action_dispatch/middleware/request_id.rb:27:in `call'
rack (2.0.7) lib/rack/method_override.rb:22:in `call'
rack (2.0.7) lib/rack/runtime.rb:22:in `call'
activesupport (5.2.3) lib/active_support/cache/strategy/local_cache_middleware.rb:29:in `call'
actionpack (5.2.3) lib/action_dispatch/middleware/executor.rb:14:in `call'
actionpack (5.2.3) lib/action_dispatch/middleware/static.rb:127:in `call'
rack (2.0.7) lib/rack/sendfile.rb:111:in `call'
railties (5.2.3) lib/rails/engine.rb:524:in `call'
puma (3.12.1) lib/puma/configuration.rb:227:in `call'
puma (3.12.1) lib/puma/server.rb:660:in `handle_request'
puma (3.12.1) lib/puma/server.rb:474:in `process_client'
puma (3.12.1) lib/puma/server.rb:334:in `block in run'
puma (3.12.1) lib/puma/thread_pool.rb:135:in `block in spawn_thread'
Started GET "/pets" for ::1 at 2019-10-11 10:54:00 -0400
  [1m[35m (0.2ms)[0m  [1m[34mSELECT "schema_migrations"."version" FROM "schema_migrations" ORDER BY "schema_migrations"."version" ASC[0m
  ↳ /Users/jarias2/.rvm/gems/ruby-2.6.1/gems/activerecord-5.2.3/lib/active_record/log_subscriber.rb:98
Processing by PetsController#index as HTML
  Rendering pets/index.erb within layouts/application
  Rendered pets/index.erb within layouts/application (0.6ms)
Completed 200 OK in 513ms (Views: 507.0ms | ActiveRecord: 0.0ms)


Started GET "/pets" for ::1 at 2019-10-11 10:54:35 -0400
Processing by PetsController#index as HTML
  Rendering pets/index.erb within layouts/application
  Rendered pets/index.erb within layouts/application (0.3ms)
Completed 200 OK in 18ms (Views: 15.7ms | ActiveRecord: 0.0ms)


Started GET "/pets" for ::1 at 2019-10-11 10:54:37 -0400
Processing by PetsController#index as HTML
  Rendering pets/index.erb within layouts/application
  Rendered pets/index.erb within layouts/application (1.0ms)
Completed 200 OK in 16ms (Views: 14.8ms | ActiveRecord: 0.0ms)


Started GET "/pets" for ::1 at 2019-10-11 10:54:47 -0400
  [1m[35m (0.2ms)[0m  [1m[34mSELECT "schema_migrations"."version" FROM "schema_migrations" ORDER BY "schema_migrations"."version" ASC[0m
  ↳ /Users/jarias2/.rvm/gems/ruby-2.6.1/gems/activerecord-5.2.3/lib/active_record/log_subscriber.rb:98
Processing by PetsController#index as HTML
  Rendering pets/index.erb within layouts/application
  Rendered pets/index.erb within layouts/application (0.5ms)
Completed 200 OK in 172ms (Views: 165.4ms | ActiveRecord: 0.0ms)


Started GET "/pets" for ::1 at 2019-10-11 10:59:53 -0400
  [1m[35m (0.2ms)[0m  [1m[34mSELECT "schema_migrations"."version" FROM "schema_migrations" ORDER BY "schema_migrations"."version" ASC[0m
  ↳ /Users/jarias2/.rvm/gems/ruby-2.6.1/gems/activerecord-5.2.3/lib/active_record/log_subscriber.rb:98
Processing by PetsController#index as HTML
  Rendering pets/index.erb within layouts/application
  Rendered pets/index.erb within layouts/application (0.5ms)
Completed 200 OK in 270ms (Views: 264.3ms | ActiveRecord: 0.0ms)


Started GET "/pets" for ::1 at 2019-10-11 11:01:17 -0400
Processing by PetsController#index as HTML
  Rendering pets/index.erb within layouts/application
  [1m[36mPet Load (0.2ms)[0m  [1m[34mSELECT "pets".* FROM "pets"[0m
  ↳ app/views/pets/index.erb:3
  Rendered pets/index.erb within layouts/application (15.7ms)
Completed 200 OK in 35ms (Views: 32.1ms | ActiveRecord: 0.8ms)


  [1m[36mPet Load (0.6ms)[0m  [1m[34mSELECT  "pets".* FROM "pets" LIMIT ?[0m  [["LIMIT", 11]]
Started GET "/pets" for ::1 at 2019-10-11 11:09:24 -0400
  [1m[35m (0.1ms)[0m  [1m[34mSELECT "schema_migrations"."version" FROM "schema_migrations" ORDER BY "schema_migrations"."version" ASC[0m
  ↳ /Users/jarias2/.rvm/gems/ruby-2.6.1/gems/activerecord-5.2.3/lib/active_record/log_subscriber.rb:98
Processing by PetsController#index as HTML
  Rendering pets/index.erb within layouts/application
  [1m[36mPet Load (0.2ms)[0m  [1m[34mSELECT "pets".* FROM "pets"[0m
  ↳ app/views/pets/index.erb:3
  Rendered pets/index.erb within layouts/application (8.5ms)
Completed 200 OK in 193ms (Views: 184.5ms | ActiveRecord: 0.7ms)


Started GET "/pets/1" for ::1 at 2019-10-11 11:09:29 -0400
Processing by PetsController#show as HTML
  Parameters: {"id"=>"1"}
Completed 500 Internal Server Error in 139887ms (ActiveRecord: 0.0ms)


  
SystemExit (exit):
  
(byebug):1:in `exit'
(byebug):1:in `show'
app/controllers/pets_controller.rb:16:in `show'
Started GET "/pets/1" for ::1 at 2019-10-11 11:12:03 -0400
Processing by PetsController#show as HTML
  Parameters: {"id"=>"1"}
  [1m[36mPet Load (0.9ms)[0m  [1m[34mSELECT  "pets".* FROM "pets" WHERE "pets"."id" = ? LIMIT ?[0m  [["id", 1], ["LIMIT", 1]]
  ↳ app/controllers/pets_controller.rb:15
  Rendering pets/show.html.erb within layouts/application
  Rendered pets/show.html.erb within layouts/application (7.9ms)
Completed 200 OK in 471ms (Views: 329.8ms | ActiveRecord: 6.7ms)


Started GET "/pets/1" for ::1 at 2019-10-11 11:12:44 -0400
Processing by PetsController#show as HTML
  Parameters: {"id"=>"1"}
  [1m[36mPet Load (11.9ms)[0m  [1m[34mSELECT  "pets".* FROM "pets" WHERE "pets"."id" = ? LIMIT ?[0m  [["id", 1], ["LIMIT", 1]]
  ↳ app/controllers/pets_controller.rb:15
  Rendering pets/show.html.erb within layouts/application
  Rendered pets/show.html.erb within layouts/application (2.4ms)
Completed 200 OK in 428ms (Views: 400.5ms | ActiveRecord: 11.9ms)


  [1m[35m (0.2ms)[0m  [1m[34mSELECT "schema_migrations"."version" FROM "schema_migrations" ORDER BY "schema_migrations"."version" ASC[0m
  ↳ bin/rails:9
Migrating to CreateOwners (20191011151557)
  [1m[35m (0.1ms)[0m  [1m[36mbegin transaction[0m
  ↳ bin/rails:9
  [1m[35m (0.1ms)[0m  [1m[34mSELECT sqlite_version(*)[0m
  ↳ db/migrate/20191011151557_create_owners.rb:3
  [1m[35m (0.7ms)[0m  [1m[35mCREATE TABLE "owners" ("id" integer PRIMARY KEY AUTOINCREMENT NOT NULL, "name" varchar, "age" integer, "created_at" datetime NOT NULL, "updated_at" datetime NOT NULL)[0m
  ↳ db/migrate/20191011151557_create_owners.rb:3
  [1m[36mActiveRecord::SchemaMigration Create (0.2ms)[0m  [1m[32mINSERT INTO "schema_migrations" ("version") VALUES (?)[0m  [["version", "20191011151557"]]
  ↳ bin/rails:9
  [1m[35m (0.7ms)[0m  [1m[36mcommit transaction[0m
  ↳ bin/rails:9
  [1m[36mActiveRecord::InternalMetadata Load (0.2ms)[0m  [1m[34mSELECT  "ar_internal_metadata".* FROM "ar_internal_metadata" WHERE "ar_internal_metadata"."key" = ? LIMIT ?[0m  [["key", "environment"], ["LIMIT", 1]]
  ↳ bin/rails:9
  [1m[35m (0.0ms)[0m  [1m[36mbegin transaction[0m
  ↳ bin/rails:9
  [1m[35m (0.0ms)[0m  [1m[36mcommit transaction[0m
  ↳ bin/rails:9
  [1m[35m (0.1ms)[0m  [1m[34mSELECT "schema_migrations"."version" FROM "schema_migrations" ORDER BY "schema_migrations"."version" ASC[0m
  ↳ bin/rails:9
Started GET "/owners" for ::1 at 2019-10-11 11:19:21 -0400
  [1m[35m (0.1ms)[0m  [1m[34mSELECT "schema_migrations"."version" FROM "schema_migrations" ORDER BY "schema_migrations"."version" ASC[0m
  ↳ /Users/jarias2/.rvm/gems/ruby-2.6.1/gems/activerecord-5.2.3/lib/active_record/log_subscriber.rb:98
Processing by OwnersController#index as HTML
  Rendering owners/index.html.erb within layouts/application
  [1m[36mOwner Load (0.1ms)[0m  [1m[34mSELECT "owners".* FROM "owners"[0m
  ↳ app/views/owners/index.html.erb:15
  Rendered owners/index.html.erb within layouts/application (2.1ms)
Completed 200 OK in 258ms (Views: 251.6ms | ActiveRecord: 0.3ms)


Started GET "/owners/new" for ::1 at 2019-10-11 11:19:41 -0400
Processing by OwnersController#new as HTML
  Rendering owners/new.html.erb within layouts/application
  Rendered owners/_form.html.erb (42.1ms)
  Rendered owners/new.html.erb within layouts/application (43.5ms)
Completed 200 OK in 71ms (Views: 63.8ms | ActiveRecord: 0.5ms)


Started POST "/owners" for ::1 at 2019-10-11 11:20:09 -0400
Processing by OwnersController#create as HTML
  Parameters: {"utf8"=>"✓", "authenticity_token"=>"IoWcP5UCDeulM80nv771abGNggRKyp8FGVmzGZhOt6LRqLMM59fV9Yb22BVoPAFA4b2sMKhhtkUzl/AsxK91qg==", "owner"=>{"name"=>"max", "age"=>"18"}, "commit"=>"Create Owner"}
  [1m[35m (0.1ms)[0m  [1m[36mbegin transaction[0m
  ↳ app/controllers/owners_controller.rb:30
  [1m[36mOwner Create (0.5ms)[0m  [1m[32mINSERT INTO "owners" ("name", "age", "created_at", "updated_at") VALUES (?, ?, ?, ?)[0m  [["name", "max"], ["age", 18], ["created_at", "2019-10-11 15:20:09.715024"], ["updated_at", "2019-10-11 15:20:09.715024"]]
  ↳ app/controllers/owners_controller.rb:30
  [1m[35m (0.8ms)[0m  [1m[36mcommit transaction[0m
  ↳ app/controllers/owners_controller.rb:30
Redirected to http://localhost:3000/owners/1
Completed 302 Found in 5ms (ActiveRecord: 1.3ms)


Started GET "/owners/1" for ::1 at 2019-10-11 11:20:09 -0400
Processing by OwnersController#show as HTML
  Parameters: {"id"=>"1"}
  [1m[36mOwner Load (0.2ms)[0m  [1m[34mSELECT  "owners".* FROM "owners" WHERE "owners"."id" = ? LIMIT ?[0m  [["id", 1], ["LIMIT", 1]]
  ↳ app/controllers/owners_controller.rb:67
  Rendering owners/show.html.erb within layouts/application
  Rendered owners/show.html.erb within layouts/application (0.7ms)
Completed 200 OK in 23ms (Views: 18.1ms | ActiveRecord: 0.2ms)


Started GET "/owners/1/edit" for ::1 at 2019-10-11 11:20:18 -0400
Processing by OwnersController#edit as HTML
  Parameters: {"id"=>"1"}
  [1m[36mOwner Load (0.2ms)[0m  [1m[34mSELECT  "owners".* FROM "owners" WHERE "owners"."id" = ? LIMIT ?[0m  [["id", 1], ["LIMIT", 1]]
  ↳ app/controllers/owners_controller.rb:67
  Rendering owners/edit.html.erb within layouts/application
  Rendered owners/_form.html.erb (2.6ms)
  Rendered owners/edit.html.erb within layouts/application (4.4ms)
Completed 200 OK in 26ms (Views: 23.0ms | ActiveRecord: 0.2ms)


Started PATCH "/owners/1" for ::1 at 2019-10-11 11:20:23 -0400
Processing by OwnersController#update as HTML
  Parameters: {"utf8"=>"✓", "authenticity_token"=>"pjMqe2NpvWNV7dC1rhoizZmuO+2zo3T3dE8yTZgTGdLLe8g64HtsH5UvWg9AUL+UB7UEwXDLmND9cvKazufkOA==", "owner"=>{"name"=>"max", "age"=>"21"}, "commit"=>"Update Owner", "id"=>"1"}
  [1m[36mOwner Load (0.1ms)[0m  [1m[34mSELECT  "owners".* FROM "owners" WHERE "owners"."id" = ? LIMIT ?[0m  [["id", 1], ["LIMIT", 1]]
  ↳ app/controllers/owners_controller.rb:67
  [1m[35m (0.1ms)[0m  [1m[36mbegin transaction[0m
  ↳ app/controllers/owners_controller.rb:44
  [1m[36mOwner Update (0.5ms)[0m  [1m[33mUPDATE "owners" SET "age" = ?, "updated_at" = ? WHERE "owners"."id" = ?[0m  [["age", 21], ["updated_at", "2019-10-11 15:20:23.043545"], ["id", 1]]
  ↳ app/controllers/owners_controller.rb:44
  [1m[35m (1.1ms)[0m  [1m[36mcommit transaction[0m
  ↳ app/controllers/owners_controller.rb:44
Redirected to http://localhost:3000/owners/1
Completed 302 Found in 7ms (ActiveRecord: 1.9ms)


Started GET "/owners/1" for ::1 at 2019-10-11 11:20:23 -0400
Processing by OwnersController#show as HTML
  Parameters: {"id"=>"1"}
  [1m[36mOwner Load (0.2ms)[0m  [1m[34mSELECT  "owners".* FROM "owners" WHERE "owners"."id" = ? LIMIT ?[0m  [["id", 1], ["LIMIT", 1]]
  ↳ app/controllers/owners_controller.rb:67
  Rendering owners/show.html.erb within layouts/application
  Rendered owners/show.html.erb within layouts/application (1.3ms)
Completed 200 OK in 25ms (Views: 22.5ms | ActiveRecord: 0.2ms)


Started GET "/pets" for ::1 at 2019-10-11 12:18:02 -0400
  [1m[35m (0.5ms)[0m  [1m[34mSELECT "schema_migrations"."version" FROM "schema_migrations" ORDER BY "schema_migrations"."version" ASC[0m
  ↳ /Users/jarias2/.rvm/gems/ruby-2.6.1/gems/activerecord-5.2.3/lib/active_record/log_subscriber.rb:98
Processing by PetsController#index as HTML
  Rendering pets/index.erb within layouts/application
  [1m[36mPet Load (0.5ms)[0m  [1m[34mSELECT "pets".* FROM "pets"[0m
  ↳ app/views/pets/index.erb:3
  Rendered pets/index.erb within layouts/application (9.9ms)
Completed 200 OK in 188ms (Views: 178.6ms | ActiveRecord: 1.0ms)


Started GET "/cats" for ::1 at 2019-10-11 12:18:08 -0400
Processing by CatsController#index as HTML
  Rendering cats/index.html.erb within layouts/application
  Rendered cats/index.html.erb within layouts/application (0.3ms)
Completed 200 OK in 18ms (Views: 17.0ms | ActiveRecord: 0.0ms)


