Started GET "/hogs" for 127.0.0.1 at 2019-05-14 08:40:25 -0400
  
ActiveRecord::PendingMigrationError (

Migrations are pending. To resolve this issue, run:

        bin/rails db:migrate RAILS_ENV=development

):
  
activerecord (5.2.2) lib/active_record/migration.rb:579:in `check_pending!'
activerecord (5.2.2) lib/active_record/migration.rb:556:in `call'
actionpack (5.2.2) lib/action_dispatch/middleware/callbacks.rb:28:in `block in call'
activesupport (5.2.2) lib/active_support/callbacks.rb:98:in `run_callbacks'
actionpack (5.2.2) lib/action_dispatch/middleware/callbacks.rb:26:in `call'
actionpack (5.2.2) lib/action_dispatch/middleware/executor.rb:14:in `call'
actionpack (5.2.2) lib/action_dispatch/middleware/debug_exceptions.rb:61:in `call'
actionpack (5.2.2) lib/action_dispatch/middleware/show_exceptions.rb:33:in `call'
railties (5.2.2) lib/rails/rack/logger.rb:38:in `call_app'
railties (5.2.2) lib/rails/rack/logger.rb:26:in `block in call'
activesupport (5.2.2) lib/active_support/tagged_logging.rb:71:in `block in tagged'
activesupport (5.2.2) lib/active_support/tagged_logging.rb:28:in `tagged'
activesupport (5.2.2) lib/active_support/tagged_logging.rb:71:in `tagged'
railties (5.2.2) lib/rails/rack/logger.rb:26:in `call'
actionpack (5.2.2) lib/action_dispatch/middleware/remote_ip.rb:81:in `call'
actionpack (5.2.2) lib/action_dispatch/middleware/request_id.rb:27:in `call'
rack (2.0.6) lib/rack/runtime.rb:22:in `call'
activesupport (5.2.2) lib/active_support/cache/strategy/local_cache_middleware.rb:29:in `call'
actionpack (5.2.2) lib/action_dispatch/middleware/executor.rb:14:in `call'
actionpack (5.2.2) lib/action_dispatch/middleware/static.rb:127:in `call'
rack (2.0.6) lib/rack/sendfile.rb:111:in `call'
rack-cors (1.0.2) lib/rack/cors.rb:97:in `call'
railties (5.2.2) lib/rails/engine.rb:524:in `call'
puma (3.12.0) lib/puma/configuration.rb:225:in `call'
puma (3.12.0) lib/puma/server.rb:658:in `handle_request'
puma (3.12.0) lib/puma/server.rb:472:in `process_client'
puma (3.12.0) lib/puma/server.rb:332:in `block in run'
puma (3.12.0) lib/puma/thread_pool.rb:133:in `block in spawn_thread'
  [1m[35m (0.1ms)[0m  [1m[34mSELECT sqlite_version(*)[0m
  ↳ /Users/thuyan.duong/.rvm/gems/ruby-2.3.3/bin/rake:23
  [1m[35m (3.6ms)[0m  [1m[35mCREATE TABLE "schema_migrations" ("version" varchar NOT NULL PRIMARY KEY)[0m
  ↳ /Users/thuyan.duong/.rvm/gems/ruby-2.3.3/bin/rake:23
  [1m[35m (1.5ms)[0m  [1m[35mCREATE TABLE "ar_internal_metadata" ("key" varchar NOT NULL PRIMARY KEY, "value" varchar, "created_at" datetime NOT NULL, "updated_at" datetime NOT NULL)[0m
  ↳ /Users/thuyan.duong/.rvm/gems/ruby-2.3.3/bin/rake:23
  [1m[35m (0.2ms)[0m  [1m[34mSELECT "schema_migrations"."version" FROM "schema_migrations" ORDER BY "schema_migrations"."version" ASC[0m
  ↳ /Users/thuyan.duong/.rvm/gems/ruby-2.3.3/bin/rake:23
Migrating to CreateHogs (20190116053410)
  [1m[35m (0.1ms)[0m  [1m[36mbegin transaction[0m
  ↳ /Users/thuyan.duong/.rvm/gems/ruby-2.3.3/bin/rake:23
  [1m[35m (0.5ms)[0m  [1m[35mCREATE TABLE "hogs" ("id" integer PRIMARY KEY AUTOINCREMENT NOT NULL, "name" varchar, "created_at" datetime NOT NULL, "updated_at" datetime NOT NULL)[0m
  ↳ db/migrate/20190116053410_create_hogs.rb:3
  [1m[36mActiveRecord::SchemaMigration Create (0.2ms)[0m  [1m[32mINSERT INTO "schema_migrations" ("version") VALUES (?)[0m  [["version", "20190116053410"]]
  ↳ /Users/thuyan.duong/.rvm/gems/ruby-2.3.3/bin/rake:23
  [1m[35m (1.3ms)[0m  [1m[36mcommit transaction[0m
  ↳ /Users/thuyan.duong/.rvm/gems/ruby-2.3.3/bin/rake:23
  [1m[36mActiveRecord::InternalMetadata Load (0.2ms)[0m  [1m[34mSELECT  "ar_internal_metadata".* FROM "ar_internal_metadata" WHERE "ar_internal_metadata"."key" = ? LIMIT ?[0m  [["key", "environment"], ["LIMIT", 1]]
  ↳ /Users/thuyan.duong/.rvm/gems/ruby-2.3.3/bin/rake:23
  [1m[35m (0.0ms)[0m  [1m[36mbegin transaction[0m
  ↳ /Users/thuyan.duong/.rvm/gems/ruby-2.3.3/bin/rake:23
  [1m[36mActiveRecord::InternalMetadata Create (0.4ms)[0m  [1m[32mINSERT INTO "ar_internal_metadata" ("key", "value", "created_at", "updated_at") VALUES (?, ?, ?, ?)[0m  [["key", "environment"], ["value", "development"], ["created_at", "2019-05-14 12:40:57.243012"], ["updated_at", "2019-05-14 12:40:57.243012"]]
  ↳ /Users/thuyan.duong/.rvm/gems/ruby-2.3.3/bin/rake:23
  [1m[35m (1.3ms)[0m  [1m[36mcommit transaction[0m
  ↳ /Users/thuyan.duong/.rvm/gems/ruby-2.3.3/bin/rake:23
  [1m[35m (0.1ms)[0m  [1m[34mSELECT "schema_migrations"."version" FROM "schema_migrations" ORDER BY "schema_migrations"."version" ASC[0m
  ↳ /Users/thuyan.duong/.rvm/gems/ruby-2.3.3/bin/rake:23
  [1m[35m (0.1ms)[0m  [1m[34mSELECT "schema_migrations"."version" FROM "schema_migrations" ORDER BY "schema_migrations"."version" ASC[0m
  ↳ /Users/thuyan.duong/.rvm/gems/ruby-2.3.3/bin/rake:23
  [1m[35m (0.0ms)[0m  [1m[36mbegin transaction[0m
  ↳ db/seeds.rb:9
  [1m[36mHog Create (0.6ms)[0m  [1m[32mINSERT INTO "hogs" ("name", "created_at", "updated_at") VALUES (?, ?, ?)[0m  [["name", "Porkchop"], ["created_at", "2019-05-14 12:40:58.440265"], ["updated_at", "2019-05-14 12:40:58.440265"]]
  ↳ db/seeds.rb:9
  [1m[35m (1.1ms)[0m  [1m[36mcommit transaction[0m
  ↳ db/seeds.rb:9
  [1m[35m (0.1ms)[0m  [1m[36mbegin transaction[0m
  ↳ db/seeds.rb:10
  [1m[36mHog Create (0.6ms)[0m  [1m[32mINSERT INTO "hogs" ("name", "created_at", "updated_at") VALUES (?, ?, ?)[0m  [["name", "Bacon"], ["created_at", "2019-05-14 12:40:58.444064"], ["updated_at", "2019-05-14 12:40:58.444064"]]
  ↳ db/seeds.rb:10
  [1m[35m (1.3ms)[0m  [1m[36mcommit transaction[0m
  ↳ db/seeds.rb:10
  [1m[35m (0.4ms)[0m  [1m[36mbegin transaction[0m
  ↳ db/seeds.rb:11
  [1m[36mHog Create (0.8ms)[0m  [1m[32mINSERT INTO "hogs" ("name", "created_at", "updated_at") VALUES (?, ?, ?)[0m  [["name", "Martha"], ["created_at", "2019-05-14 12:40:58.448311"], ["updated_at", "2019-05-14 12:40:58.448311"]]
  ↳ db/seeds.rb:11
  [1m[35m (1.7ms)[0m  [1m[36mcommit transaction[0m
  ↳ db/seeds.rb:11
  [1m[35m (0.1ms)[0m  [1m[36mbegin transaction[0m
  ↳ db/seeds.rb:12
  [1m[36mHog Create (0.6ms)[0m  [1m[32mINSERT INTO "hogs" ("name", "created_at", "updated_at") VALUES (?, ?, ?)[0m  [["name", "Lane"], ["created_at", "2019-05-14 12:40:58.453573"], ["updated_at", "2019-05-14 12:40:58.453573"]]
  ↳ db/seeds.rb:12
  [1m[35m (1.5ms)[0m  [1m[36mcommit transaction[0m
  ↳ db/seeds.rb:12
  [1m[35m (0.1ms)[0m  [1m[36mbegin transaction[0m
  ↳ db/seeds.rb:13
  [1m[36mHog Create (0.5ms)[0m  [1m[32mINSERT INTO "hogs" ("name", "created_at", "updated_at") VALUES (?, ?, ?)[0m  [["name", "Hillary"], ["created_at", "2019-05-14 12:40:58.458242"], ["updated_at", "2019-05-14 12:40:58.458242"]]
  ↳ db/seeds.rb:13
  [1m[35m (1.1ms)[0m  [1m[36mcommit transaction[0m
  ↳ db/seeds.rb:13
  [1m[35m (0.0ms)[0m  [1m[36mbegin transaction[0m
  ↳ db/seeds.rb:14
  [1m[36mHog Create (0.6ms)[0m  [1m[32mINSERT INTO "hogs" ("name", "created_at", "updated_at") VALUES (?, ?, ?)[0m  [["name", "Paul"], ["created_at", "2019-05-14 12:40:58.461616"], ["updated_at", "2019-05-14 12:40:58.461616"]]
  ↳ db/seeds.rb:14
  [1m[35m (1.0ms)[0m  [1m[36mcommit transaction[0m
  ↳ db/seeds.rb:14
Started GET "/hogs" for 127.0.0.1 at 2019-05-14 08:41:02 -0400
  [1m[35m (0.1ms)[0m  [1m[34mSELECT "schema_migrations"."version" FROM "schema_migrations" ORDER BY "schema_migrations"."version" ASC[0m
  ↳ /Users/thuyan.duong/.rvm/gems/ruby-2.3.3/gems/activerecord-5.2.2/lib/active_record/log_subscriber.rb:98
Processing by HogsController#index as HTML
  [1m[36mHog Load (0.2ms)[0m  [1m[34mSELECT "hogs".* FROM "hogs"[0m
  ↳ app/controllers/hogs_controller.rb:3
Completed 200 OK in 12ms (Views: 1.4ms | ActiveRecord: 0.9ms)


Started GET "/hogs" for 127.0.0.1 at 2019-05-14 08:42:31 -0400
Processing by HogsController#index as */*
  [1m[36mHog Load (0.3ms)[0m  [1m[34mSELECT "hogs".* FROM "hogs"[0m
  ↳ app/controllers/hogs_controller.rb:3
Completed 200 OK in 3ms (Views: 1.4ms | ActiveRecord: 0.3ms)


Started POST "/hogs" for 127.0.0.1 at 2019-05-14 08:42:38 -0400
Processing by HogsController#create as */*
  Parameters: {"name"=>"Rob", "hog"=>{"name"=>"Rob"}}
  [1m[35m (0.1ms)[0m  [1m[36mbegin transaction[0m
  ↳ app/controllers/hogs_controller.rb:7
  [1m[36mHog Create (0.7ms)[0m  [1m[32mINSERT INTO "hogs" ("name", "created_at", "updated_at") VALUES (?, ?, ?)[0m  [["name", "Rob"], ["created_at", "2019-05-14 12:42:38.252465"], ["updated_at", "2019-05-14 12:42:38.252465"]]
  ↳ app/controllers/hogs_controller.rb:7
  [1m[35m (1.5ms)[0m  [1m[36mcommit transaction[0m
  ↳ app/controllers/hogs_controller.rb:7
Completed 200 OK in 6ms (Views: 0.3ms | ActiveRecord: 2.2ms)


Started GET "/hogs" for 127.0.0.1 at 2019-05-14 08:42:39 -0400
Processing by HogsController#index as */*
  [1m[36mHog Load (0.7ms)[0m  [1m[34mSELECT "hogs".* FROM "hogs"[0m
  ↳ app/controllers/hogs_controller.rb:3
Completed 200 OK in 4ms (Views: 2.3ms | ActiveRecord: 0.7ms)


  [1m[35m (0.1ms)[0m  [1m[34mSELECT "schema_migrations"."version" FROM "schema_migrations" ORDER BY "schema_migrations"."version" ASC[0m
  ↳ /Users/jingram/.rvm/gems/ruby-2.3.3/bin/rake:23
  [1m[36mActiveRecord::InternalMetadata Load (0.2ms)[0m  [1m[34mSELECT  "ar_internal_metadata".* FROM "ar_internal_metadata" WHERE "ar_internal_metadata"."key" = ? LIMIT ?[0m  [["key", "environment"], ["LIMIT", 1]]
  ↳ /Users/jingram/.rvm/gems/ruby-2.3.3/bin/rake:23
  [1m[35m (0.1ms)[0m  [1m[36mbegin transaction[0m
  ↳ /Users/jingram/.rvm/gems/ruby-2.3.3/bin/rake:23
  [1m[35m (0.0ms)[0m  [1m[36mcommit transaction[0m
  ↳ /Users/jingram/.rvm/gems/ruby-2.3.3/bin/rake:23
  [1m[35m (0.1ms)[0m  [1m[34mSELECT "schema_migrations"."version" FROM "schema_migrations" ORDER BY "schema_migrations"."version" ASC[0m
  ↳ /Users/jingram/.rvm/gems/ruby-2.3.3/bin/rake:23
  [1m[35m (0.1ms)[0m  [1m[34mSELECT "schema_migrations"."version" FROM "schema_migrations" ORDER BY "schema_migrations"."version" ASC[0m
  ↳ /Users/jingram/.rvm/gems/ruby-2.3.3/bin/rake:23
  [1m[35m (0.1ms)[0m  [1m[36mbegin transaction[0m
  ↳ db/seeds.rb:9
  [1m[36mHog Create (0.6ms)[0m  [1m[32mINSERT INTO "hogs" ("name", "created_at", "updated_at") VALUES (?, ?, ?)[0m  [["name", "Porkchop"], ["created_at", "2019-12-12 00:43:21.011199"], ["updated_at", "2019-12-12 00:43:21.011199"]]
  ↳ db/seeds.rb:9
  [1m[35m (0.6ms)[0m  [1m[36mcommit transaction[0m
  ↳ db/seeds.rb:9
  [1m[35m (0.0ms)[0m  [1m[36mbegin transaction[0m
  ↳ db/seeds.rb:10
  [1m[36mHog Create (0.2ms)[0m  [1m[32mINSERT INTO "hogs" ("name", "created_at", "updated_at") VALUES (?, ?, ?)[0m  [["name", "Bacon"], ["created_at", "2019-12-12 00:43:21.013467"], ["updated_at", "2019-12-12 00:43:21.013467"]]
  ↳ db/seeds.rb:10
  [1m[35m (0.7ms)[0m  [1m[36mcommit transaction[0m
  ↳ db/seeds.rb:10
  [1m[35m (0.0ms)[0m  [1m[36mbegin transaction[0m
  ↳ db/seeds.rb:11
  [1m[36mHog Create (0.6ms)[0m  [1m[32mINSERT INTO "hogs" ("name", "created_at", "updated_at") VALUES (?, ?, ?)[0m  [["name", "Martha"], ["created_at", "2019-12-12 00:43:21.016103"], ["updated_at", "2019-12-12 00:43:21.016103"]]
  ↳ db/seeds.rb:11
  [1m[35m (1.0ms)[0m  [1m[36mcommit transaction[0m
  ↳ db/seeds.rb:11
  [1m[35m (0.0ms)[0m  [1m[36mbegin transaction[0m
  ↳ db/seeds.rb:12
  [1m[36mHog Create (0.2ms)[0m  [1m[32mINSERT INTO "hogs" ("name", "created_at", "updated_at") VALUES (?, ?, ?)[0m  [["name", "Lane"], ["created_at", "2019-12-12 00:43:21.020260"], ["updated_at", "2019-12-12 00:43:21.020260"]]
  ↳ db/seeds.rb:12
  [1m[35m (0.6ms)[0m  [1m[36mcommit transaction[0m
  ↳ db/seeds.rb:12
  [1m[35m (0.0ms)[0m  [1m[36mbegin transaction[0m
  ↳ db/seeds.rb:13
  [1m[36mHog Create (0.2ms)[0m  [1m[32mINSERT INTO "hogs" ("name", "created_at", "updated_at") VALUES (?, ?, ?)[0m  [["name", "Hillary"], ["created_at", "2019-12-12 00:43:21.022123"], ["updated_at", "2019-12-12 00:43:21.022123"]]
  ↳ db/seeds.rb:13
  [1m[35m (0.7ms)[0m  [1m[36mcommit transaction[0m
  ↳ db/seeds.rb:13
  [1m[35m (0.0ms)[0m  [1m[36mbegin transaction[0m
  ↳ db/seeds.rb:14
  [1m[36mHog Create (0.2ms)[0m  [1m[32mINSERT INTO "hogs" ("name", "created_at", "updated_at") VALUES (?, ?, ?)[0m  [["name", "Paul"], ["created_at", "2019-12-12 00:43:21.023690"], ["updated_at", "2019-12-12 00:43:21.023690"]]
  ↳ db/seeds.rb:14
  [1m[35m (0.6ms)[0m  [1m[36mcommit transaction[0m
  ↳ db/seeds.rb:14
  [1m[36mHog Load (0.5ms)[0m  [1m[34mSELECT  "hogs".* FROM "hogs" LIMIT ?[0m  [["LIMIT", 11]]
Started GET "/hogs" for 127.0.0.1 at 2019-12-11 19:45:04 -0500
  [1m[35m (0.2ms)[0m  [1m[34mSELECT "schema_migrations"."version" FROM "schema_migrations" ORDER BY "schema_migrations"."version" ASC[0m
  ↳ /Users/jingram/.rvm/gems/ruby-2.3.3/gems/activerecord-5.2.2/lib/active_record/log_subscriber.rb:98
Processing by HogsController#index as */*
  [1m[36mHog Load (0.1ms)[0m  [1m[34mSELECT "hogs".* FROM "hogs"[0m
  ↳ app/controllers/hogs_controller.rb:3
Completed 200 OK in 9ms (Views: 2.0ms | ActiveRecord: 0.5ms)


  [1m[35m (0.1ms)[0m  [1m[34mSELECT "schema_migrations"."version" FROM "schema_migrations" ORDER BY "schema_migrations"."version" ASC[0m
  ↳ bin/rails:9
  [1m[35m (0.1ms)[0m  [1m[34mSELECT "ar_internal_metadata"."value" FROM "ar_internal_metadata" WHERE "ar_internal_metadata"."key" = ?[0m  [["key", "environment"]]
  ↳ bin/rails:9
  [1m[35m (0.0ms)[0m  [1m[34mSELECT "schema_migrations"."version" FROM "schema_migrations" ORDER BY "schema_migrations"."version" ASC[0m
  ↳ bin/rails:9
  [1m[35m (0.0ms)[0m  [1m[34mSELECT "ar_internal_metadata"."value" FROM "ar_internal_metadata" WHERE "ar_internal_metadata"."key" = ?[0m  [["key", "environment"]]
  ↳ bin/rails:9
  [1m[35m (0.0ms)[0m  [1m[34mSELECT "schema_migrations"."version" FROM "schema_migrations" ORDER BY "schema_migrations"."version" ASC[0m
  ↳ bin/rails:9
  [1m[35m (0.0ms)[0m  [1m[34mSELECT "ar_internal_metadata"."value" FROM "ar_internal_metadata" WHERE "ar_internal_metadata"."key" = ?[0m  [["key", "environment"]]
  ↳ bin/rails:9
  [1m[35m (0.1ms)[0m  [1m[34mSELECT sqlite_version(*)[0m
  ↳ bin/rails:9
  [1m[35m (1.5ms)[0m  [1m[35mCREATE TABLE "schema_migrations" ("version" varchar NOT NULL PRIMARY KEY)[0m
  ↳ bin/rails:9
  [1m[35m (0.8ms)[0m  [1m[35mCREATE TABLE "ar_internal_metadata" ("key" varchar NOT NULL PRIMARY KEY, "value" varchar, "created_at" datetime NOT NULL, "updated_at" datetime NOT NULL)[0m
  ↳ bin/rails:9
  [1m[35m (0.1ms)[0m  [1m[34mSELECT "schema_migrations"."version" FROM "schema_migrations" ORDER BY "schema_migrations"."version" ASC[0m
  ↳ bin/rails:9
Migrating to CreateHogs (20190116053410)
  [1m[35m (0.1ms)[0m  [1m[36mbegin transaction[0m
  ↳ bin/rails:9
  [1m[35m (0.4ms)[0m  [1m[35mCREATE TABLE "hogs" ("id" integer PRIMARY KEY AUTOINCREMENT NOT NULL, "name" varchar, "created_at" datetime NOT NULL, "updated_at" datetime NOT NULL)[0m
  ↳ db/migrate/20190116053410_create_hogs.rb:3
  [1m[36mActiveRecord::SchemaMigration Create (0.2ms)[0m  [1m[32mINSERT INTO "schema_migrations" ("version") VALUES (?)[0m  [["version", "20190116053410"]]
  ↳ bin/rails:9
  [1m[35m (1.3ms)[0m  [1m[36mcommit transaction[0m
  ↳ bin/rails:9
  [1m[36mActiveRecord::InternalMetadata Load (0.2ms)[0m  [1m[34mSELECT  "ar_internal_metadata".* FROM "ar_internal_metadata" WHERE "ar_internal_metadata"."key" = ? LIMIT ?[0m  [["key", "environment"], ["LIMIT", 1]]
  ↳ bin/rails:9
  [1m[35m (0.1ms)[0m  [1m[36mbegin transaction[0m
  ↳ bin/rails:9
  [1m[36mActiveRecord::InternalMetadata Create (0.3ms)[0m  [1m[32mINSERT INTO "ar_internal_metadata" ("key", "value", "created_at", "updated_at") VALUES (?, ?, ?, ?)[0m  [["key", "environment"], ["value", "development"], ["created_at", "2019-12-12 00:46:02.525468"], ["updated_at", "2019-12-12 00:46:02.525468"]]
  ↳ bin/rails:9
  [1m[35m (0.7ms)[0m  [1m[36mcommit transaction[0m
  ↳ bin/rails:9
  [1m[35m (0.1ms)[0m  [1m[34mSELECT "schema_migrations"."version" FROM "schema_migrations" ORDER BY "schema_migrations"."version" ASC[0m
  ↳ bin/rails:9
  [1m[35m (0.1ms)[0m  [1m[34mSELECT "schema_migrations"."version" FROM "schema_migrations" ORDER BY "schema_migrations"."version" ASC[0m
  ↳ bin/rails:9
  [1m[36mHog Load (0.1ms)[0m  [1m[34mSELECT "hogs".* FROM "hogs"[0m
  ↳ db/seeds.rb:9
  [1m[35m (0.1ms)[0m  [1m[36mbegin transaction[0m
  ↳ db/seeds.rb:11
  [1m[36mHog Create (0.3ms)[0m  [1m[32mINSERT INTO "hogs" ("name", "created_at", "updated_at") VALUES (?, ?, ?)[0m  [["name", "Porkchop"], ["created_at", "2019-12-12 00:46:07.936481"], ["updated_at", "2019-12-12 00:46:07.936481"]]
  ↳ db/seeds.rb:11
  [1m[35m (0.7ms)[0m  [1m[36mcommit transaction[0m
  ↳ db/seeds.rb:11
  [1m[35m (0.0ms)[0m  [1m[36mbegin transaction[0m
  ↳ db/seeds.rb:12
  [1m[36mHog Create (0.3ms)[0m  [1m[32mINSERT INTO "hogs" ("name", "created_at", "updated_at") VALUES (?, ?, ?)[0m  [["name", "Bacon"], ["created_at", "2019-12-12 00:46:07.938638"], ["updated_at", "2019-12-12 00:46:07.938638"]]
  ↳ db/seeds.rb:12
  [1m[35m (0.7ms)[0m  [1m[36mcommit transaction[0m
  ↳ db/seeds.rb:12
  [1m[35m (0.0ms)[0m  [1m[36mbegin transaction[0m
  ↳ db/seeds.rb:13
  [1m[36mHog Create (0.3ms)[0m  [1m[32mINSERT INTO "hogs" ("name", "created_at", "updated_at") VALUES (?, ?, ?)[0m  [["name", "Martha"], ["created_at", "2019-12-12 00:46:07.940682"], ["updated_at", "2019-12-12 00:46:07.940682"]]
  ↳ db/seeds.rb:13
  [1m[35m (0.7ms)[0m  [1m[36mcommit transaction[0m
  ↳ db/seeds.rb:13
  [1m[35m (0.0ms)[0m  [1m[36mbegin transaction[0m
  ↳ db/seeds.rb:14
  [1m[36mHog Create (0.3ms)[0m  [1m[32mINSERT INTO "hogs" ("name", "created_at", "updated_at") VALUES (?, ?, ?)[0m  [["name", "Lane"], ["created_at", "2019-12-12 00:46:07.942817"], ["updated_at", "2019-12-12 00:46:07.942817"]]
  ↳ db/seeds.rb:14
  [1m[35m (0.7ms)[0m  [1m[36mcommit transaction[0m
  ↳ db/seeds.rb:14
  [1m[35m (0.0ms)[0m  [1m[36mbegin transaction[0m
  ↳ db/seeds.rb:15
  [1m[36mHog Create (0.3ms)[0m  [1m[32mINSERT INTO "hogs" ("name", "created_at", "updated_at") VALUES (?, ?, ?)[0m  [["name", "Hillary"], ["created_at", "2019-12-12 00:46:07.945080"], ["updated_at", "2019-12-12 00:46:07.945080"]]
  ↳ db/seeds.rb:15
  [1m[35m (0.6ms)[0m  [1m[36mcommit transaction[0m
  ↳ db/seeds.rb:15
  [1m[35m (0.0ms)[0m  [1m[36mbegin transaction[0m
  ↳ db/seeds.rb:16
  [1m[36mHog Create (0.3ms)[0m  [1m[32mINSERT INTO "hogs" ("name", "created_at", "updated_at") VALUES (?, ?, ?)[0m  [["name", "Paul"], ["created_at", "2019-12-12 00:46:07.947236"], ["updated_at", "2019-12-12 00:46:07.947236"]]
  ↳ db/seeds.rb:16
  [1m[35m (0.7ms)[0m  [1m[36mcommit transaction[0m
  ↳ db/seeds.rb:16
Started GET "/hogs" for 127.0.0.1 at 2019-12-11 19:46:22 -0500
  [1m[35m (0.1ms)[0m  [1m[34mSELECT "schema_migrations"."version" FROM "schema_migrations" ORDER BY "schema_migrations"."version" ASC[0m
  ↳ /Users/jingram/.rvm/gems/ruby-2.3.3/gems/activerecord-5.2.2/lib/active_record/log_subscriber.rb:98
Processing by HogsController#index as */*
  [1m[36mHog Load (0.1ms)[0m  [1m[34mSELECT "hogs".* FROM "hogs"[0m
  ↳ app/controllers/hogs_controller.rb:3
Completed 200 OK in 6ms (Views: 1.0ms | ActiveRecord: 0.4ms)


Started GET "/hogs" for 127.0.0.1 at 2019-12-12 11:09:38 -0500
  [1m[35m (0.1ms)[0m  [1m[34mSELECT "schema_migrations"."version" FROM "schema_migrations" ORDER BY "schema_migrations"."version" ASC[0m
  ↳ /Users/jingram/.rvm/gems/ruby-2.3.3/gems/activerecord-5.2.2/lib/active_record/log_subscriber.rb:98
Processing by HogsController#index as */*
  [1m[36mHog Load (0.1ms)[0m  [1m[34mSELECT "hogs".* FROM "hogs"[0m
  ↳ app/controllers/hogs_controller.rb:3
Completed 200 OK in 6ms (Views: 0.8ms | ActiveRecord: 0.5ms)


Started GET "/hogs" for 127.0.0.1 at 2019-12-12 14:30:06 -0500
  [1m[35m (0.4ms)[0m  [1m[34mSELECT "schema_migrations"."version" FROM "schema_migrations" ORDER BY "schema_migrations"."version" ASC[0m
  ↳ /Users/jingram/.rvm/gems/ruby-2.3.3/gems/activerecord-5.2.2/lib/active_record/log_subscriber.rb:98
Processing by HogsController#index as HTML
  [1m[36mHog Load (0.5ms)[0m  [1m[34mSELECT "hogs".* FROM "hogs"[0m
  ↳ app/controllers/hogs_controller.rb:3
Completed 200 OK in 8ms (Views: 0.8ms | ActiveRecord: 0.8ms)


Started GET "/hogs" for 127.0.0.1 at 2019-12-12 14:34:13 -0500
Processing by HogsController#index as */*
  [1m[36mHog Load (0.3ms)[0m  [1m[34mSELECT "hogs".* FROM "hogs"[0m
  ↳ app/controllers/hogs_controller.rb:3
Completed 200 OK in 2ms (Views: 0.6ms | ActiveRecord: 0.3ms)


Started POST "/hogs" for 127.0.0.1 at 2019-12-12 15:18:21 -0500
Processing by HogsController#create as */*
  Parameters: {"name"=>"Joseph", "hog"=>{"name"=>"Joseph"}}
  [1m[35m (0.1ms)[0m  [1m[36mbegin transaction[0m
  ↳ app/controllers/hogs_controller.rb:7
  [1m[36mHog Create (0.5ms)[0m  [1m[32mINSERT INTO "hogs" ("name", "created_at", "updated_at") VALUES (?, ?, ?)[0m  [["name", "Joseph"], ["created_at", "2019-12-12 20:18:21.513015"], ["updated_at", "2019-12-12 20:18:21.513015"]]
  ↳ app/controllers/hogs_controller.rb:7
  [1m[35m (0.8ms)[0m  [1m[36mcommit transaction[0m
  ↳ app/controllers/hogs_controller.rb:7
Completed 200 OK in 4ms (Views: 0.3ms | ActiveRecord: 1.3ms)


Started GET "/hogs" for 127.0.0.1 at 2019-12-12 15:18:31 -0500
Processing by HogsController#index as HTML
  [1m[36mHog Load (0.2ms)[0m  [1m[34mSELECT "hogs".* FROM "hogs"[0m
  ↳ app/controllers/hogs_controller.rb:3
Completed 200 OK in 2ms (Views: 0.9ms | ActiveRecord: 0.4ms)


